{
  "RSpec": {
    "coverage": {
      "/home/mobile/Projetos/Testes/remote/Magnetis/bank_accounting/spec/controllers/accounts_controller_spec.rb": [
        1,
        null,
        1,
        3,
        5,
        null,
        5,
        null,
        1,
        1,
        1,
        1,
        null,
        null,
        1,
        1,
        1,
        1,
        1,
        null,
        null,
        null,
        1,
        1,
        1,
        1,
        null,
        1,
        1,
        1,
        null,
        null,
        1,
        1,
        1,
        null,
        1,
        1,
        1,
        null,
        null,
        null
      ],
      "/home/mobile/Projetos/Testes/remote/Magnetis/bank_accounting/spec/rails_helper.rb": [
        null,
        1,
        1,
        null,
        1,
        null,
        null,
        1,
        1,
        null,
        1,
        null,
        null,
        null,
        null,
        null,
        null,
        null,
        null,
        null,
        null,
        null,
        null,
        null,
        null,
        null,
        null,
        2,
        null,
        null,
        null,
        null,
        1,
        null,
        0,
        0,
        null,
        1,
        null,
        1,
        null,
        null,
        null,
        null,
        1,
        null,
        1,
        1,
        null,
        null,
        null,
        null,
        null,
        null,
        null,
        null,
        null,
        null,
        null,
        null,
        null,
        null,
        1,
        null,
        null,
        1,
        null,
        null,
        null,
        null,
        1,
        1,
        1,
        1,
        null,
        null,
        null
      ],
      "/home/mobile/Projetos/Testes/remote/Magnetis/bank_accounting/config/environment.rb": [
        null,
        1,
        null,
        null,
        1
      ],
      "/home/mobile/Projetos/Testes/remote/Magnetis/bank_accounting/config/application.rb": [
        1,
        null,
        1,
        null,
        1,
        1,
        1,
        1,
        1,
        1,
        1,
        1,
        1,
        1,
        null,
        1,
        null,
        null,
        null,
        1,
        null,
        1,
        1,
        null,
        1,
        null,
        null,
        null,
        null,
        null,
        null,
        null,
        null,
        null,
        1,
        null,
        1,
        1,
        1,
        1,
        null,
        null,
        null,
        null,
        null,
        null,
        null,
        null
      ],
      "/home/mobile/Projetos/Testes/remote/Magnetis/bank_accounting/config/boot.rb": [
        1,
        null,
        1,
        1
      ],
      "/home/mobile/Projetos/Testes/remote/Magnetis/bank_accounting/config/environments/test.rb": [
        null,
        null,
        null,
        null,
        null,
        1,
        null,
        null,
        1,
        null,
        null,
        null,
        null,
        1,
        null,
        null,
        1,
        1,
        null,
        null,
        null,
        null,
        1,
        1,
        1,
        null,
        null,
        1,
        null,
        null,
        1,
        null,
        null,
        1,
        null,
        1,
        null,
        null,
        null,
        null,
        1,
        null,
        null,
        1,
        null,
        null,
        null,
        null
      ],
      "/home/mobile/Projetos/Testes/remote/Magnetis/bank_accounting/config/initializers/application_controller_renderer.rb": [
        null,
        null,
        null,
        null,
        null,
        null,
        null,
        null
      ],
      "/home/mobile/Projetos/Testes/remote/Magnetis/bank_accounting/config/initializers/backtrace_silencers.rb": [
        null,
        null,
        null,
        null,
        null,
        null,
        null
      ],
      "/home/mobile/Projetos/Testes/remote/Magnetis/bank_accounting/config/initializers/cors.rb": [
        null,
        null,
        null,
        null,
        null,
        null,
        null,
        null,
        null,
        null,
        null,
        null,
        null,
        null,
        null,
        null
      ],
      "/home/mobile/Projetos/Testes/remote/Magnetis/bank_accounting/config/initializers/devise_token_auth.rb": [
        null,
        null,
        1,
        null,
        null,
        null,
        null,
        1,
        null,
        null,
        null,
        null,
        null,
        null,
        null,
        null,
        1,
        null,
        null,
        null,
        null,
        null,
        null,
        null,
        null,
        null,
        null,
        null,
        null,
        null,
        null,
        null,
        null,
        null,
        null,
        null,
        null,
        null,
        null,
        null,
        null,
        null,
        null,
        null,
        null,
        null,
        null,
        null,
        null,
        null,
        null,
        null,
        null,
        null,
        null
      ],
      "/home/mobile/Projetos/Testes/remote/Magnetis/bank_accounting/config/initializers/filter_parameter_logging.rb": [
        null,
        null,
        null,
        1
      ],
      "/home/mobile/Projetos/Testes/remote/Magnetis/bank_accounting/config/initializers/inflections.rb": [
        null,
        null,
        null,
        null,
        null,
        null,
        null,
        null,
        null,
        null,
        null,
        null,
        null,
        null,
        null,
        null
      ],
      "/home/mobile/Projetos/Testes/remote/Magnetis/bank_accounting/config/initializers/mime_types.rb": [
        null,
        null,
        null,
        null
      ],
      "/home/mobile/Projetos/Testes/remote/Magnetis/bank_accounting/config/initializers/wrap_parameters.rb": [
        null,
        null,
        null,
        null,
        null,
        null,
        1,
        2,
        null,
        null,
        null,
        null,
        null,
        null
      ],
      "/home/mobile/Projetos/Testes/remote/Magnetis/bank_accounting/spec/factories/accounts.rb": [
        1,
        1,
        null,
        null
      ],
      "/home/mobile/Projetos/Testes/remote/Magnetis/bank_accounting/spec/factories/transfers.rb": [
        1,
        1,
        null,
        null
      ],
      "/home/mobile/Projetos/Testes/remote/Magnetis/bank_accounting/spec/factories/users.rb": [
        1,
        1,
        18,
        18,
        null,
        null
      ],
      "/home/mobile/Projetos/Testes/remote/Magnetis/bank_accounting/config/routes.rb": [
        1,
        1,
        null,
        null,
        null,
        null,
        1,
        1,
        1,
        1,
        1,
        null,
        null,
        null,
        null,
        null
      ],
      "/home/mobile/Projetos/Testes/remote/Magnetis/bank_accounting/app/models/user.rb": [
        null,
        null,
        1,
        1,
        null,
        null,
        null,
        1,
        null,
        1,
        null
      ],
      "/home/mobile/Projetos/Testes/remote/Magnetis/bank_accounting/spec/support/auth_helpers.rb": [
        1,
        1,
        7,
        null,
        null
      ],
      "/home/mobile/Projetos/Testes/remote/Magnetis/bank_accounting/app/controllers/api/v1/accounts_controller.rb": [
        1,
        1,
        1,
        1,
        2,
        2,
        1,
        null,
        1,
        null,
        null,
        null,
        1,
        2,
        2,
        1,
        null,
        1,
        null,
        null,
        null,
        1,
        1,
        2,
        null,
        null,
        null,
        null,
        null,
        null,
        null,
        null
      ],
      "/home/mobile/Projetos/Testes/remote/Magnetis/bank_accounting/app/controllers/application_controller.rb": [
        1,
        1,
        null,
        1,
        null,
        1,
        null,
        null,
        null,
        null,
        null
      ],
      "/home/mobile/Projetos/Testes/remote/Magnetis/bank_accounting/spec/controllers/transfers_controller_spec.rb": [
        1,
        null,
        1,
        2,
        4,
        4,
        null,
        4,
        null,
        1,
        1,
        1,
        1,
        null,
        null,
        1,
        1,
        2,
        null,
        null,
        1,
        1,
        1,
        null,
        null,
        1,
        1,
        1,
        1,
        null,
        null,
        null,
        null,
        null,
        null
      ],
      "/home/mobile/Projetos/Testes/remote/Magnetis/bank_accounting/app/controllers/api/v1/transfers_controller.rb": [
        1,
        1,
        1,
        1,
        3,
        3,
        1,
        null,
        2,
        null,
        null,
        null,
        1,
        1,
        3,
        null,
        null,
        null,
        null,
        null
      ],
      "/home/mobile/Projetos/Testes/remote/Magnetis/bank_accounting/spec/models/account_spec.rb": [
        1,
        null,
        1,
        1,
        2,
        2,
        null,
        null,
        1,
        2,
        2,
        2,
        2,
        null,
        null,
        1,
        2,
        2,
        2,
        null,
        2,
        2,
        2,
        null,
        1,
        1,
        1,
        null,
        1,
        1,
        null,
        null,
        null
      ],
      "/home/mobile/Projetos/Testes/remote/Magnetis/bank_accounting/app/models/account.rb": [
        1,
        null,
        1,
        null,
        null,
        null,
        1,
        null,
        null,
        null,
        1,
        1,
        null,
        1,
        20,
        null,
        null,
        1,
        20,
        null,
        null,
        1,
        19,
        null,
        null,
        null
      ],
      "/home/mobile/Projetos/Testes/remote/Magnetis/bank_accounting/app/models/application_record.rb": [
        1,
        1,
        null
      ],
      "/home/mobile/Projetos/Testes/remote/Magnetis/bank_accounting/spec/models/transfer_spec.rb": [
        1,
        null,
        1,
        null,
        8,
        8,
        10,
        null,
        1,
        2,
        2,
        2,
        null,
        null,
        1,
        2,
        2,
        null,
        1,
        null,
        1,
        3,
        null,
        2,
        1,
        1,
        1,
        null,
        null,
        null,
        1,
        3,
        null,
        2,
        1,
        1,
        1,
        null,
        null,
        null,
        null,
        null,
        1,
        1,
        2,
        null,
        1,
        1,
        1,
        null,
        null,
        null,
        null,
        1,
        1,
        2,
        null,
        1,
        1,
        1,
        1,
        null,
        null,
        null,
        1,
        2,
        null,
        1,
        1,
        1,
        1,
        null,
        null,
        null,
        1,
        2,
        null,
        1,
        1,
        1,
        1,
        null,
        null,
        null,
        1,
        2,
        null,
        1,
        1,
        1,
        1,
        null,
        null,
        null,
        null,
        null
      ],
      "/home/mobile/Projetos/Testes/remote/Magnetis/bank_accounting/app/models/transfer.rb": [
        1,
        null,
        1,
        1,
        1,
        1,
        null,
        1,
        null,
        null,
        null,
        29,
        null,
        1,
        8,
        8,
        8,
        null,
        null,
        1,
        1,
        14,
        2,
        null,
        null,
        null
      ],
      "/home/mobile/Projetos/Testes/remote/Magnetis/bank_accounting/app/serializers/account_serializer.rb": [
        1,
        1,
        null
      ],
      "/home/mobile/Projetos/Testes/remote/Magnetis/bank_accounting/app/serializers/transfer_serializer.rb": [
        1,
        1,
        null,
        1,
        1,
        null,
        null,
        1,
        1,
        null,
        null,
        1,
        1,
        null,
        null,
        null
      ]
    },
    "timestamp": 1580154232
  }
}
